# JRE version: OpenJDK Runtime Environment Temurin-11.0.20+8 (11.0.20+8) (build 11.0.20+8)
# Java VM: OpenJDK 64-Bit Server VM Temurin-11.0.20+8 (11.0.20+8, mixed mode, tiered, compressed oops, g1 gc, linux-amd64)
Heap:
 garbage-first heap   total 769024K, used 30603K [0x0000000088600000, 0x0000000100000000)
  region size 1024K, 1 young (1024K), 1 survivors (1024K)
 Metaspace       used 33809K, capacity 34520K, committed 34992K, reserved 1081344K
  class space    used 3772K, capacity 4012K, committed 4096K, reserved 1048576K
GC Heap History (20 events):
Event: 401.992 GC heap after
{Heap after GC invocations=16 (full 0):
 garbage-first heap   total 340992K, used 30439K [0x0000000088600000, 0x0000000100000000)
  region size 1024K, 1 young (1024K), 1 survivors (1024K)
 Metaspace       used 33805K, capacity 34520K, committed 34992K, reserved 1081344K
  class space    used 3772K, capacity 4012K, committed 4096K, reserved 1048576K
}
Event: 402.680 GC heap before
{Heap before GC invocations=16 (full 0):
 garbage-first heap   total 340992K, used 45799K [0x0000000088600000, 0x0000000100000000)
  region size 1024K, 16 young (16384K), 1 survivors (1024K)
 Metaspace       used 33805K, capacity 34520K, committed 34992K, reserved 1081344K
  class space    used 3772K, capacity 4012K, committed 4096K, reserved 1048576K
}
Event: 403.861 GC heap after
{Heap after GC invocations=17 (full 0):
 garbage-first heap   total 340992K, used 30435K [0x0000000088600000, 0x0000000100000000)
  region size 1024K, 1 young (1024K), 1 survivors (1024K)
 Metaspace       used 33805K, capacity 34520K, committed 34992K, reserved 1081344K
  class space    used 3772K, capacity 4012K, committed 4096K, reserved 1048576K
}
Event: 404.059 GC heap before
{Heap before GC invocations=17 (full 0):
 garbage-first heap   total 340992K, used 45795K [0x0000000088600000, 0x0000000100000000)
  region size 1024K, 16 young (16384K), 1 survivors (1024K)
 Metaspace       used 33805K, capacity 34520K, committed 34992K, reserved 1081344K
  class space    used 3772K, capacity 4012K, committed 4096K, reserved 1048576K
}
Event: 404.076 GC heap after
{Heap after GC invocations=18 (full 0):
 garbage-first heap   total 340992K, used 30450K [0x0000000088600000, 0x0000000100000000)
  region size 1024K, 1 young (1024K), 1 survivors (1024K)
 Metaspace       used 33805K, capacity 34520K, committed 34992K, reserved 1081344K
  class space    used 3772K, capacity 4012K, committed 4096K, reserved 1048576K
}
Event: 404.157 GC heap before
{Heap before GC invocations=18 (full 0):
 garbage-first heap   total 340992K, used 45810K [0x0000000088600000, 0x0000000100000000)
  region size 1024K, 16 young (16384K), 1 survivors (1024K)
 Metaspace       used 33807K, capacity 34520K, committed 34992K, reserved 1081344K
  class space    used 3772K, capacity 4012K, committed 4096K, reserved 1048576K
}
Event: 404.172 GC heap after
{Heap after GC invocations=19 (full 0):
 garbage-first heap   total 340992K, used 30496K [0x0000000088600000, 0x0000000100000000)
  region size 1024K, 1 young (1024K), 1 survivors (1024K)
 Metaspace       used 33807K, capacity 34520K, committed 34992K, reserved 1081344K
  class space    used 3772K, capacity 4012K, committed 4096K, reserved 1048576K
}
Event: 404.298 GC heap before
{Heap before GC invocations=19 (full 0):
 garbage-first heap   total 340992K, used 45856K [0x0000000088600000, 0x0000000100000000)
  region size 1024K, 16 young (16384K), 1 survivors (1024K)
 Metaspace       used 33807K, capacity 34520K, committed 34992K, reserved 1081344K
  class space    used 3772K, capacity 4012K, committed 4096K, reserved 1048576K
}
Event: 404.302 GC heap after
{Heap after GC invocations=20 (full 0):
 garbage-first heap   total 340992K, used 30506K [0x0000000088600000, 0x0000000100000000)
  region size 1024K, 1 young (1024K), 1 survivors (1024K)
 Metaspace       used 33807K, capacity 34520K, committed 34992K, reserved 1081344K
  class space    used 3772K, capacity 4012K, committed 4096K, reserved 1048576K
}
Event: 404.351 GC heap before
{Heap before GC invocations=20 (full 0):
 garbage-first heap   total 340992K, used 45866K [0x0000000088600000, 0x0000000100000000)
  region size 1024K, 16 young (16384K), 1 survivors (1024K)
 Metaspace       used 33808K, capacity 34520K, committed 34992K, reserved 1081344K
  class space    used 3772K, capacity 4012K, committed 4096K, reserved 1048576K
}
Event: 404.354 GC heap after
{Heap after GC invocations=21 (full 0):
 garbage-first heap   total 340992K, used 30525K [0x0000000088600000, 0x0000000100000000)
  region size 1024K, 1 young (1024K), 1 survivors (1024K)
 Metaspace       used 33808K, capacity 34520K, committed 34992K, reserved 1081344K
  class space    used 3772K, capacity 4012K, committed 4096K, reserved 1048576K
}
Event: 404.437 GC heap before
{Heap before GC invocations=21 (full 0):
 garbage-first heap   total 340992K, used 45885K [0x0000000088600000, 0x0000000100000000)
  region size 1024K, 16 young (16384K), 1 survivors (1024K)
 Metaspace       used 33809K, capacity 34520K, committed 34992K, reserved 1081344K
  class space    used 3772K, capacity 4012K, committed 4096K, reserved 1048576K
}
Event: 404.449 GC heap after
{Heap after GC invocations=22 (full 0):
 garbage-first heap   total 340992K, used 30528K [0x0000000088600000, 0x0000000100000000)
  region size 1024K, 1 young (1024K), 1 survivors (1024K)
 Metaspace       used 33809K, capacity 34520K, committed 34992K, reserved 1081344K
  class space    used 3772K, capacity 4012K, committed 4096K, reserved 1048576K
}
Event: 404.499 GC heap before
{Heap before GC invocations=22 (full 0):
 garbage-first heap   total 340992K, used 45888K [0x0000000088600000, 0x0000000100000000)
  region size 1024K, 16 young (16384K), 1 survivors (1024K)
 Metaspace       used 33809K, capacity 34520K, committed 34992K, reserved 1081344K
  class space    used 3772K, capacity 4012K, committed 4096K, reserved 1048576K
}
Event: 404.503 GC heap after
{Heap after GC invocations=23 (full 0):
 garbage-first heap   total 340992K, used 30552K [0x0000000088600000, 0x0000000100000000)
  region size 1024K, 1 young (1024K), 1 survivors (1024K)
 Metaspace       used 33809K, capacity 34520K, committed 34992K, reserved 1081344K
  class space    used 3772K, capacity 4012K, committed 4096K, reserved 1048576K
}
Event: 404.555 GC heap before
{Heap before GC invocations=23 (full 0):
 garbage-first heap   total 340992K, used 45912K [0x0000000088600000, 0x0000000100000000)
  region size 1024K, 16 young (16384K), 1 survivors (1024K)
 Metaspace       used 33809K, capacity 34520K, committed 34992K, reserved 1081344K
  class space    used 3772K, capacity 4012K, committed 4096K, reserved 1048576K
}
Event: 404.560 GC heap after
{Heap after GC invocations=24 (full 0):
 garbage-first heap   total 340992K, used 30602K [0x0000000088600000, 0x0000000100000000)
  region size 1024K, 1 young (1024K), 1 survivors (1024K)
 Metaspace       used 33809K, capacity 34520K, committed 34992K, reserved 1081344K
  class space    used 3772K, capacity 4012K, committed 4096K, reserved 1048576K
}
Event: 404.643 GC heap before
{Heap before GC invocations=24 (full 0):
 garbage-first heap   total 340992K, used 45962K [0x0000000088600000, 0x0000000100000000)
  region size 1024K, 16 young (16384K), 1 survivors (1024K)
 Metaspace       used 33809K, capacity 34520K, committed 34992K, reserved 1081344K
  class space    used 3772K, capacity 4012K, committed 4096K, reserved 1048576K
}
Event: 404.669 GC heap after
{Heap after GC invocations=25 (full 0):
 garbage-first heap   total 340992K, used 30581K [0x0000000088600000, 0x0000000100000000)
  region size 1024K, 1 young (1024K), 1 survivors (1024K)
 Metaspace       used 33809K, capacity 34520K, committed 34992K, reserved 1081344K
  class space    used 3772K, capacity 4012K, committed 4096K, reserved 1048576K
}
Event: 404.701 GC heap before
{Heap before GC invocations=25 (full 0):
 garbage-first heap   total 340992K, used 49013K [0x0000000088600000, 0x0000000100000000)
  region size 1024K, 19 young (19456K), 1 survivors (1024K)
 Metaspace       used 33809K, capacity 34520K, committed 34992K, reserved 1081344K
  class space    used 3772K, capacity 4012K, committed 4096K, reserved 1048576K
}

